<?xml version="1.0" encoding="UTF-8"?>
<!-- Generated by org.testng.reporters.JUnitReportReporter -->
<testsuite hostname="prashant" failures="0" tests="1" name="Com.Ecommerce.Testcases.LoginTestcase" time="6.009" errors="0" timestamp="2023-07-22T20:22:40 IST" skipped="0">
  <testcase classname="Com.Ecommerce.Testcases.LoginTestcase" name="Login" time="6.009"/>
</testsuite> <!-- Com.Ecommerce.Testcases.LoginTestcase -->
